Using pre-set license
Built from '2021.1/staging' branch; Version is '2021.1.12f1 (afcadd793de6) revision 11520733'; Using compiler version '192528614'; Build Type 'Release'
OS: 'Windows 10 Home; OS build 19042.1110; Version 2009; 64bit' Language: 'sv' Physical Memory: 16343 MB
BatchMode: 1, IsHumanControllingUs: 0, StartBugReporterOnCrash: 0, Is64bit: 1, IsPro: 0

 COMMAND LINE ARGUMENTS:
C:\Program Files\Unity\Hub\Editor\2021.1.12f1\Editor\Unity.exe
-adb2
-batchMode
-noUpm
-name
AssetImportWorker0
-projectPath
D:/UNity/I-Must-Mine
-logFile
Logs/AssetImportWorker0.log
-srvPort
53323
Successfully changed project path to: D:/UNity/I-Must-Mine
D:/UNity/I-Must-Mine
Using Asset Import Pipeline V2.
Refreshing native plugins compatible for Editor in 87.11 ms, found 4 plugins.
Preloading 0 native plugins for Editor in 0.00 ms.
Initialize engine version: 2021.1.12f1 (afcadd793de6)
[Subsystems] Discovering subsystems at path C:/Program Files/Unity/Hub/Editor/2021.1.12f1/Editor/Data/Resources/UnitySubsystems
[Subsystems] Discovering subsystems at path D:/UNity/I-Must-Mine/Assets
GfxDevice: creating device client; threaded=0; jobified=0
Direct3D:
    Version:  Direct3D 11.0 [level 11.1]
    Renderer: NVIDIA GeForce GTX 1080 Ti (ID=0x1b06)
    Vendor:   NVIDIA
    VRAM:     11127 MB
    Driver:   27.21.14.5671
Initialize mono
Mono path[0] = 'C:/Program Files/Unity/Hub/Editor/2021.1.12f1/Editor/Data/Managed'
Mono path[1] = 'C:/Program Files/Unity/Hub/Editor/2021.1.12f1/Editor/Data/MonoBleedingEdge/lib/mono/unityjit'
Mono config path = 'C:/Program Files/Unity/Hub/Editor/2021.1.12f1/Editor/Data/MonoBleedingEdge/etc'
Using monoOptions --debugger-agent=transport=dt_socket,embedding=1,server=y,suspend=n,address=127.0.0.1:56084
Begin MonoManager ReloadAssembly
Registering precompiled unity dll's ...
Register platform support module: C:/Program Files/Unity/Hub/Editor/2021.1.12f1/Editor/Data/PlaybackEngines/WindowsStandaloneSupport/UnityEditor.WindowsStandalone.Extensions.dll
Registered in 0.001866 seconds.
Native extension for WindowsStandalone target not found
Refreshing native plugins compatible for Editor in 85.98 ms, found 4 plugins.
Preloading 0 native plugins for Editor in 0.00 ms.
Mono: successfully reloaded assembly
- Completed reload, in  1.157 seconds
Domain Reload Profiling:
	ReloadAssembly (1157ms)
		BeginReloadAssembly (48ms)
			ExecutionOrderSort (0ms)
			DisableScriptedObjects (0ms)
			BackupInstance (0ms)
			ReleaseScriptingObjects (0ms)
			CreateAndSetChildDomain (1ms)
		EndReloadAssembly (421ms)
			LoadAssemblies (46ms)
			RebuildTransferFunctionScriptingTraits (0ms)
			SetupTypeCache (149ms)
			ReleaseScriptCaches (0ms)
			RebuildScriptCaches (28ms)
			SetupLoadedEditorAssemblies (204ms)
				LogAssemblyErrors (0ms)
				InitializePlatformSupportModulesInManaged (5ms)
				SetLoadedEditorAssemblies (0ms)
				RefreshPlugins (86ms)
				BeforeProcessingInitializeOnLoad (1ms)
				ProcessInitializeOnLoadAttributes (85ms)
				ProcessInitializeOnLoadMethodAttributes (25ms)
				AfterProcessingInitializeOnLoad (0ms)
				EditorAssembliesLoaded (0ms)
			ExecutionOrderSort2 (0ms)
			AwakeInstancesAfterBackupRestoration (0ms)
Platform modules already initialized, skipping
Registering precompiled user dll's ...
Registered in 0.006435 seconds.
Begin MonoManager ReloadAssembly
Symbol file LoadedFromMemory doesn't match image D:\UNity\I-Must-Mine\Library\PackageCache\com.unity.visualscripting@1.6.1\Editor\VisualScripting.Core\Dependencies\YamlDotNet\Unity.VisualScripting.YamlDotNet.dll
Symbol file LoadedFromMemory doesn't match image D:\UNity\I-Must-Mine\Library\PackageCache\com.unity.visualscripting@1.6.1\Editor\VisualScripting.Core\Dependencies\DotNetZip\Unity.VisualScripting.IonicZip.dll
Native extension for WindowsStandalone target not found
Refreshing native plugins compatible for Editor in 89.61 ms, found 4 plugins.
Preloading 0 native plugins for Editor in 0.00 ms.
Find all reader and writers took 97 milliseconds
Script Module: UnityEngine.UI.dll
Weave behaviours and messages took 91 milliseconds
Find all reader and writers took 82 milliseconds
Script Module: UnityEngine.TestRunner.dll
Weave behaviours and messages took 21 milliseconds
Find all reader and writers took 83 milliseconds
Script Module: Unity.Mathematics.dll
Weave behaviours and messages took 142 milliseconds
Find all reader and writers took 68 milliseconds
Script Module: SimpleWebTransport.dll
Weave behaviours and messages took 4 milliseconds
Find all reader and writers took 73 milliseconds
Script Module: Unity.VisualScripting.State.dll
Weave behaviours and messages took 5 milliseconds
Find all reader and writers took 90 milliseconds
Script Module: Unity.VisualScripting.Core.dll
Weave behaviours and messages took 126 milliseconds
Find all reader and writers took 88 milliseconds
Script Module: Unity.VisualScripting.Flow.dll
Weave behaviours and messages took 68 milliseconds
Find all reader and writers took 82 milliseconds
Script Module: Unity.2D.Animation.Runtime.dll
Weave behaviours and messages took 7 milliseconds
Find all reader and writers took 99 milliseconds
Script Module: Unity.TextMeshPro.dll
Weave behaviours and messages took 64 milliseconds
Find all reader and writers took 84 milliseconds
Script Module: Unity.Timeline.dll
Weave behaviours and messages took 24 milliseconds
Find all reader and writers took 72 milliseconds
Script Module: Telepathy.dll
Weave behaviours and messages took 2 milliseconds
Find all reader and writers took 83 milliseconds
Script Module: Unity.2D.SpriteShape.Runtime.dll
Weave behaviours and messages took 21 milliseconds
Find all reader and writers took 73 milliseconds
Script Module: Unity.2D.Animation.Triangle.Runtime.dll
Weave behaviours and messages took 31 milliseconds
Find all reader and writers took 84 milliseconds
Script Module: Unity.2D.PixelPerfect.dll
Weave behaviours and messages took 0 milliseconds
Find all reader and writers took 82 milliseconds
Script Module: Unity.2D.IK.Runtime.dll
Weave behaviours and messages took 4 milliseconds
Find all reader and writers took 82 milliseconds
Script Module: kcp2k.dll
Weave behaviours and messages took 5 milliseconds
Find all reader and writers took 99 milliseconds
Script Module: Unity.2D.Tilemap.Extras.dll
Weave behaviours and messages took 4 milliseconds
Find all reader and writers took 81 milliseconds
Script Module: where-allocations.dll
Weave behaviours and messages took 0 milliseconds
Find all reader and writers took 114 milliseconds
Script Module: Unity.2D.Common.Runtime.dll
Weave behaviours and messages took 0 milliseconds
Find all reader and writers took 87 milliseconds
Script Module: Unity.InternalAPIEngineBridge.001.dll
Weave behaviours and messages took 0 milliseconds
Find all reader and writers took 111 milliseconds
Script Module: VSSettingsProvider.dll
Weave behaviours and messages took 2 milliseconds
Find all reader and writers took 112 milliseconds
Script Module: UnityEditor.TestRunner.dll
Weave behaviours and messages took 35 milliseconds
Find all reader and writers took 91 milliseconds
Script Module: PsdPlugin.dll
Weave behaviours and messages took 13 milliseconds
Find all reader and writers took 85 milliseconds
Script Module: Mirror.CompilerSymbols.dll
Weave behaviours and messages took 0 milliseconds
Find all reader and writers took 110 milliseconds
Script Module: UnityEditor.UI.dll
Weave behaviours and messages took 10 milliseconds
Find all reader and writers took 110 milliseconds
Script Module: Unity.InternalAPIEditorBridge.001.dll
Weave behaviours and messages took 0 milliseconds
Mono: successfully reloaded assembly
- Completed reload, in  8.497 seconds
Domain Reload Profiling:
	ReloadAssembly (8498ms)
		BeginReloadAssembly (129ms)
			ExecutionOrderSort (0ms)
			DisableScriptedObjects (4ms)
			BackupInstance (0ms)
			ReleaseScriptingObjects (0ms)
			CreateAndSetChildDomain (18ms)
		EndReloadAssembly (8316ms)
			LoadAssemblies (87ms)
			RebuildTransferFunctionScriptingTraits (0ms)
			SetupTypeCache (328ms)
			ReleaseScriptCaches (1ms)
			RebuildScriptCaches (51ms)
			SetupLoadedEditorAssemblies (7762ms)
				LogAssemblyErrors (0ms)
				InitializePlatformSupportModulesInManaged (3ms)
				SetLoadedEditorAssemblies (0ms)
				RefreshPlugins (90ms)
				BeforeProcessingInitializeOnLoad (74ms)
				ProcessInitializeOnLoadAttributes (210ms)
				ProcessInitializeOnLoadMethodAttributes (7378ms)
				AfterProcessingInitializeOnLoad (7ms)
				EditorAssembliesLoaded (0ms)
			ExecutionOrderSort2 (0ms)
			AwakeInstancesAfterBackupRestoration (7ms)
Platform modules already initialized, skipping
========================================================================
Worker process is ready to serve import requests
Launched and connected shader compiler UnityShaderCompiler.exe after 0.04 seconds
Refreshing native plugins compatible for Editor in 0.93 ms, found 4 plugins.
Preloading 0 native plugins for Editor in 0.00 ms.
Unloading 3941 Unused Serialized files (Serialized files now loaded: 0)
System memory in use before: 144.3 MB.
System memory in use after: 144.5 MB.

Unloading 37 unused Assets to reduce memory usage. Loaded Objects now: 4386.
Total: 4.230600 ms (FindLiveObjects: 0.279100 ms CreateObjectMapping: 0.196600 ms MarkObjects: 3.688900 ms  DeleteObjects: 0.064900 ms)

AssetImportParameters requested are different than current active one (requested -> active):
  custom:framework-win-MediaFoundation: 216162199b28c13a410421893ffa2e32 -> 
  custom:video-decoder-ogg-theora: a1e56fd34408186e4bbccfd4996cb3dc -> 
  custom:container-muxer-webm: aa71ff27fc2769a1b78a27578f13a17b -> 
  custom:container-demuxer-webm: 4f35f7cbe854078d1ac9338744f61a02 -> 
  custom:container-demuxer-ogg: 62fdf1f143b41e24485cea50d1cbac27 -> 
  custom:video-encoder-webm-vp8: eb34c28f22e8b96e1ab97ce403110664 -> 
  custom:video-codec-MediaFoundation-h265: 746d11721c4dcdbdad8f713fa42b33f4 -> 
  custom:video-decoder-webm-vp8: 9c59270c3fd7afecdb556c50c9e8de78 -> 
  custom:audio-decoder-ogg-vorbis: bf7c407c2cedff20999df2af8eb42d56 -> 
  custom:audio-encoder-webm-vorbis: bf7c407c2cedff20999df2af8eb42d56 -> 
========================================================================
Received Import Request.
  path: Assets/Scenes/SampleScene.unity
  artifactKey: Guid(2cda990e2423bbf4892e6590ba056729) Importer(815301076,1909f56bfc062723c751e8b465ee728b)
Start importing Assets/Scenes/SampleScene.unity using Guid(2cda990e2423bbf4892e6590ba056729) Importer(815301076,1909f56bfc062723c751e8b465ee728b)  -> (artifact id: '8f7773879fff5f7159e4f2532e2ade7c') in 0.023824 seconds 
========================================================================
Received Import Request.
  Time since last request: 38.349769 seconds.
  path: Assets/Prefabs/Saltynuts.prefab
  artifactKey: Guid(9f5e65e256a98884f9dd346b809e5db8) Importer(815301076,1909f56bfc062723c751e8b465ee728b)
Start importing Assets/Prefabs/Saltynuts.prefab using Guid(9f5e65e256a98884f9dd346b809e5db8) Importer(815301076,1909f56bfc062723c751e8b465ee728b)  -> (artifact id: '5113b15a4f6fcc5405c2ac652b9f67fe') in 0.038746 seconds 
========================================================================
Received Import Request.
  Time since last request: 10.199898 seconds.
  path: Assets/Scenes/Menu.unity
  artifactKey: Guid(d17b2694756d4ec45a1ccc748ccbd4af) Importer(815301076,1909f56bfc062723c751e8b465ee728b)
Start importing Assets/Scenes/Menu.unity using Guid(d17b2694756d4ec45a1ccc748ccbd4af) Importer(815301076,1909f56bfc062723c751e8b465ee728b)  -> (artifact id: '0724e03ce52117a3cc9293299f713c9b') in 0.006201 seconds 
========================================================================
Received Import Request.
  Time since last request: 176.695495 seconds.
  path: Assets/Scripts/ClientRenderer.cs
  artifactKey: Guid(8e2014c4ba57afd46affac68d0bd14ea) Importer(815301076,1909f56bfc062723c751e8b465ee728b)
Start importing Assets/Scripts/ClientRenderer.cs using Guid(8e2014c4ba57afd46affac68d0bd14ea) Importer(815301076,1909f56bfc062723c751e8b465ee728b)  -> (artifact id: '6abc6052c400b49f30b934ef96a8c78f') in 0.005422 seconds 
========================================================================
Received Import Request.
  Time since last request: 1.888518 seconds.
  path: Assets/Scripts/BaseUnit.cs
  artifactKey: Guid(1b44b944000fe684bb72ad505bb38d20) Importer(815301076,1909f56bfc062723c751e8b465ee728b)
Start importing Assets/Scripts/BaseUnit.cs using Guid(1b44b944000fe684bb72ad505bb38d20) Importer(815301076,1909f56bfc062723c751e8b465ee728b)  -> (artifact id: 'bc1b10805a7621f3bf2e14cea049f5ae') in 0.003043 seconds 
========================================================================
Received Import Request.
  Time since last request: 5.642762 seconds.
  path: Assets/Scripts/UnitCreator.cs
  artifactKey: Guid(1a5a4c3ff2b0e5741b754b3524a4bc92) Importer(815301076,1909f56bfc062723c751e8b465ee728b)
Start importing Assets/Scripts/UnitCreator.cs using Guid(1a5a4c3ff2b0e5741b754b3524a4bc92) Importer(815301076,1909f56bfc062723c751e8b465ee728b)  -> (artifact id: '8b507afb0e341bc341ee5039081dc175') in 0.007045 seconds 
========================================================================
Received Import Request.
  Time since last request: 0.573166 seconds.
  path: Assets/Scripts/PlayerUnit.cs
  artifactKey: Guid(4efd8b966e1a5654883b567b0a53956b) Importer(815301076,1909f56bfc062723c751e8b465ee728b)
Start importing Assets/Scripts/PlayerUnit.cs using Guid(4efd8b966e1a5654883b567b0a53956b) Importer(815301076,1909f56bfc062723c751e8b465ee728b)  -> (artifact id: 'c3a02d25c41556414c0aa2d01c77a870') in 0.003223 seconds 
========================================================================
Received Import Request.
  Time since last request: 178.875432 seconds.
  path: Assets/Scripts/UnitController.cs
  artifactKey: Guid(716c9ac9154350143808e4a2cb1e59a6) Importer(815301076,1909f56bfc062723c751e8b465ee728b)
Start importing Assets/Scripts/UnitController.cs using Guid(716c9ac9154350143808e4a2cb1e59a6) Importer(815301076,1909f56bfc062723c751e8b465ee728b)  -> (artifact id: 'd066338011facf379edebfa1cf8b4aff') in 0.009675 seconds 
========================================================================
Received Import Request.
  Time since last request: 25.356073 seconds.
  path: Assets/Scripts/UnitController.cs
  artifactKey: Guid(716c9ac9154350143808e4a2cb1e59a6) Importer(815301076,1909f56bfc062723c751e8b465ee728b)
Start importing Assets/Scripts/UnitController.cs using Guid(716c9ac9154350143808e4a2cb1e59a6) Importer(815301076,1909f56bfc062723c751e8b465ee728b)  -> (artifact id: 'c8a3dbcfd290147aeec0f473087cfe75') in 0.002924 seconds 
========================================================================
Received Import Request.
  Time since last request: 49.746404 seconds.
  path: Assets/Scripts/UnitController.cs
  artifactKey: Guid(716c9ac9154350143808e4a2cb1e59a6) Importer(815301076,1909f56bfc062723c751e8b465ee728b)
Start importing Assets/Scripts/UnitController.cs using Guid(716c9ac9154350143808e4a2cb1e59a6) Importer(815301076,1909f56bfc062723c751e8b465ee728b)  -> (artifact id: 'fcaea5f301b6716a5c7dd5ada8f3468a') in 0.003573 seconds 
========================================================================
Received Import Request.
  Time since last request: 131.458598 seconds.
  path: Assets/Scripts/UnitController.cs
  artifactKey: Guid(716c9ac9154350143808e4a2cb1e59a6) Importer(815301076,1909f56bfc062723c751e8b465ee728b)
Start importing Assets/Scripts/UnitController.cs using Guid(716c9ac9154350143808e4a2cb1e59a6) Importer(815301076,1909f56bfc062723c751e8b465ee728b)  -> (artifact id: 'cb7733948d15ea4285e23441e88bc063') in 0.003573 seconds 
========================================================================
Received Import Request.
  Time since last request: 49.379099 seconds.
  path: Assets/Scripts/UnitController.cs
  artifactKey: Guid(716c9ac9154350143808e4a2cb1e59a6) Importer(815301076,1909f56bfc062723c751e8b465ee728b)
Start importing Assets/Scripts/UnitController.cs using Guid(716c9ac9154350143808e4a2cb1e59a6) Importer(815301076,1909f56bfc062723c751e8b465ee728b)  -> (artifact id: 'b1e91b4061f9baec97b699c68fb2c63d') in 0.004898 seconds 
========================================================================
Received Import Request.
  Time since last request: 370.025411 seconds.
  path: Assets/Scripts/UnitController.cs
  artifactKey: Guid(716c9ac9154350143808e4a2cb1e59a6) Importer(815301076,1909f56bfc062723c751e8b465ee728b)
Start importing Assets/Scripts/UnitController.cs using Guid(716c9ac9154350143808e4a2cb1e59a6) Importer(815301076,1909f56bfc062723c751e8b465ee728b)  -> (artifact id: 'eca61056f71e2a3e9f23b403d777a6fa') in 0.006447 seconds 
========================================================================
Received Import Request.
  Time since last request: 477.484965 seconds.
  path: Assets/Scripts/UnitController.cs
  artifactKey: Guid(716c9ac9154350143808e4a2cb1e59a6) Importer(815301076,1909f56bfc062723c751e8b465ee728b)
Start importing Assets/Scripts/UnitController.cs using Guid(716c9ac9154350143808e4a2cb1e59a6) Importer(815301076,1909f56bfc062723c751e8b465ee728b)  -> (artifact id: '74e5b40d4115723a0daa961dd8681c4e') in 0.005197 seconds 
========================================================================
Received Import Request.
  Time since last request: 145.423247 seconds.
  path: Assets/Scripts/UnitController.cs
  artifactKey: Guid(716c9ac9154350143808e4a2cb1e59a6) Importer(815301076,1909f56bfc062723c751e8b465ee728b)
Start importing Assets/Scripts/UnitController.cs using Guid(716c9ac9154350143808e4a2cb1e59a6) Importer(815301076,1909f56bfc062723c751e8b465ee728b)  -> (artifact id: '318caf02908a35bfd7b3c4b3c85253a0') in 0.004234 seconds 
========================================================================
Received Import Request.
  Time since last request: 6137.750017 seconds.
  path: Assets/Scripts/UnitController.cs
  artifactKey: Guid(716c9ac9154350143808e4a2cb1e59a6) Importer(815301076,1909f56bfc062723c751e8b465ee728b)
Start importing Assets/Scripts/UnitController.cs using Guid(716c9ac9154350143808e4a2cb1e59a6) Importer(815301076,1909f56bfc062723c751e8b465ee728b)  -> (artifact id: 'dcbd61c26d5e0bc387a88087a92e8da3') in 0.005629 seconds 
========================================================================
Received Import Request.
  Time since last request: 955.466302 seconds.
  path: Assets/Scripts/UnitController.cs
  artifactKey: Guid(716c9ac9154350143808e4a2cb1e59a6) Importer(815301076,1909f56bfc062723c751e8b465ee728b)
Start importing Assets/Scripts/UnitController.cs using Guid(716c9ac9154350143808e4a2cb1e59a6) Importer(815301076,1909f56bfc062723c751e8b465ee728b)  -> (artifact id: 'cd25c383a67af7ebf96e40be16f9a7b4') in 0.005575 seconds 
========================================================================
Received Import Request.
  Time since last request: 99.656086 seconds.
  path: Assets/Scripts/UnitController.cs
  artifactKey: Guid(716c9ac9154350143808e4a2cb1e59a6) Importer(815301076,1909f56bfc062723c751e8b465ee728b)
Start importing Assets/Scripts/UnitController.cs using Guid(716c9ac9154350143808e4a2cb1e59a6) Importer(815301076,1909f56bfc062723c751e8b465ee728b)  -> (artifact id: '393d7ec50fa9e875df04e1b313bb17fd') in 0.004513 seconds 
========================================================================
Received Import Request.
  Time since last request: 121.777812 seconds.
  path: Assets/Scripts/PlayerUnit.cs
  artifactKey: Guid(4efd8b966e1a5654883b567b0a53956b) Importer(815301076,1909f56bfc062723c751e8b465ee728b)
Start importing Assets/Scripts/PlayerUnit.cs using Guid(4efd8b966e1a5654883b567b0a53956b) Importer(815301076,1909f56bfc062723c751e8b465ee728b)  -> (artifact id: '0bf065a8ae540c6192deb7e0761b14be') in 0.002886 seconds 
========================================================================
Received Import Request.
  Time since last request: 272.965704 seconds.
  path: Assets/Scripts/UnitController.cs
  artifactKey: Guid(716c9ac9154350143808e4a2cb1e59a6) Importer(815301076,1909f56bfc062723c751e8b465ee728b)
Start importing Assets/Scripts/UnitController.cs using Guid(716c9ac9154350143808e4a2cb1e59a6) Importer(815301076,1909f56bfc062723c751e8b465ee728b)  -> (artifact id: 'a0fa391154603f3e52113524e2ace9a3') in 0.004293 seconds 
AssetImportWorkerClient::OnTransportError - code=2 error=End of file
